jackrabbit-webdav/build/outputs/logs/manifest-merger-debug-report.txt
-- Merging decision tree log ---
manifest
ADDED from WebDAV\jackrabbit-webdav\AndroidManifest.xml:26:1-37:12
INJECTED from WebDAV\jackrabbit-webdav\AndroidManifest.xml:26:1-37:12
INJECTED from WebDAV\jackrabbit-webdav\AndroidManifest.xml:26:1-37:12
INJECTED from WebDAV\jackrabbit-webdav\AndroidManifest.xml:26:1-37:12
INJECTED from WebDAV\jackrabbit-webdav\AndroidManifest.xml:26:1-37:12
INJECTED from WebDAV\jackrabbit-webdav\AndroidManifest.xml:26:1-37:12
INJECTED from WebDAV\jackrabbit-webdav\AndroidManifest.xml:26:1-37:12
	package
		ADDED from WebDAV\jackrabbit-webdav\AndroidManifest.xml:27:5-39
		INJECTED from WebDAV\jackrabbit-webdav\AndroidManifest.xml
		INJECTED from WebDAV\jackrabbit-webdav\AndroidManifest.xml
	android:versionName
		ADDED from WebDAV\jackrabbit-webdav\AndroidManifest.xml:29:5-30
		INJECTED from WebDAV\jackrabbit-webdav\AndroidManifest.xml
		INJECTED from WebDAV\jackrabbit-webdav\AndroidManifest.xml
	xmlns:android
		ADDED from WebDAV\jackrabbit-webdav\AndroidManifest.xml:26:11-69
	android:versionCode
		ADDED from WebDAV\jackrabbit-webdav\AndroidManifest.xml:28:5-28
		INJECTED from WebDAV\jackrabbit-webdav\AndroidManifest.xml
		INJECTED from WebDAV\jackrabbit-webdav\AndroidManifest.xml
uses-sdk
ADDED from WebDAV\jackrabbit-webdav\AndroidManifest.xml:31:5-33:40
	android:targetSdkVersion
		ADDED from WebDAV\jackrabbit-webdav\AndroidManifest.xml:33:9-37
	android:minSdkVersion
		ADDED from WebDAV\jackrabbit-webdav\AndroidManifest.xml:32:9-34
application
ADDED from WebDAV\jackrabbit-webdav\AndroidManifest.xml:35:5-20